Using pre-set license
Built from '2022.3/staging' branch; Version is '2022.3.47f1 (88c277b85d21) revision 8962679'; Using compiler version '192829333'; Build Type 'Release'
OS: 'Windows 11  (10.0.26100) 64bit Core' Language: 'en' Physical Memory: 15631 MB
BatchMode: 1, IsHumanControllingUs: 0, StartBugReporterOnCrash: 0, Is64bit: 1, IsPro: 1

COMMAND LINE ARGUMENTS:
C:\Program Files\Unity\Hub\Editor\2022.3.47f1\Editor\Unity.exe
-adb2
-batchMode
-noUpm
-name
AssetImportWorker2
-projectPath
C:/Users/Usuario/My project
-logFile
Logs/AssetImportWorker2.log
-srvPort
61997
Successfully changed project path to: C:/Users/Usuario/My project
C:/Users/Usuario/My project
[UnityMemory] Configuration Parameters - Can be set up in boot.config
    "memorysetup-bucket-allocator-granularity=16"
    "memorysetup-bucket-allocator-bucket-count=8"
    "memorysetup-bucket-allocator-block-size=33554432"
    "memorysetup-bucket-allocator-block-count=8"
    "memorysetup-main-allocator-block-size=16777216"
    "memorysetup-thread-allocator-block-size=16777216"
    "memorysetup-gfx-main-allocator-block-size=16777216"
    "memorysetup-gfx-thread-allocator-block-size=16777216"
    "memorysetup-cache-allocator-block-size=4194304"
    "memorysetup-typetree-allocator-block-size=2097152"
    "memorysetup-profiler-bucket-allocator-granularity=16"
    "memorysetup-profiler-bucket-allocator-bucket-count=8"
    "memorysetup-profiler-bucket-allocator-block-size=33554432"
    "memorysetup-profiler-bucket-allocator-block-count=8"
    "memorysetup-profiler-allocator-block-size=16777216"
    "memorysetup-profiler-editor-allocator-block-size=1048576"
    "memorysetup-temp-allocator-size-main=16777216"
    "memorysetup-job-temp-allocator-block-size=2097152"
    "memorysetup-job-temp-allocator-block-size-background=1048576"
    "memorysetup-job-temp-allocator-reduction-small-platforms=262144"
    "memorysetup-allocator-temp-initial-block-size-main=262144"
    "memorysetup-allocator-temp-initial-block-size-worker=262144"
    "memorysetup-temp-allocator-size-background-worker=32768"
    "memorysetup-temp-allocator-size-job-worker=262144"
    "memorysetup-temp-allocator-size-preload-manager=33554432"
    "memorysetup-temp-allocator-size-nav-mesh-worker=65536"
    "memorysetup-temp-allocator-size-audio-worker=65536"
    "memorysetup-temp-allocator-size-cloud-worker=32768"
    "memorysetup-temp-allocator-size-gi-baking-worker=262144"
    "memorysetup-temp-allocator-size-gfx=262144"
Player connection [19740]  Target information:

Player connection [19740]  * "[IP] 192.168.56.1 [Port] 0 [Flags] 2 [Guid] 4155529293 [EditorId] 4155529293 [Version] 1048832 [Id] WindowsEditor(7,LAPTOP-MJ4KM4CH) [Debug] 1 [PackageName] WindowsEditor [ProjectName] Editor" 

Player connection [19740]  * "[IP] 192.168.0.35 [Port] 0 [Flags] 2 [Guid] 4155529293 [EditorId] 4155529293 [Version] 1048832 [Id] WindowsEditor(7,LAPTOP-MJ4KM4CH) [Debug] 1 [PackageName] WindowsEditor [ProjectName] Editor" 

Player connection [19740] Host joined multi-casting on [225.0.0.222:54997]...
Player connection [19740] Host joined alternative multi-casting on [225.0.0.222:34997]...
[PhysX] Initialized MultithreadedTaskDispatcher with 12 workers.
Refreshing native plugins compatible for Editor in 10.99 ms, found 3 plugins.
Preloading 0 native plugins for Editor in 0.00 ms.
Initialize engine version: 2022.3.47f1 (88c277b85d21)
[Subsystems] Discovering subsystems at path C:/Program Files/Unity/Hub/Editor/2022.3.47f1/Editor/Data/Resources/UnitySubsystems
[Subsystems] Discovering subsystems at path C:/Users/Usuario/My project/Assets
GfxDevice: creating device client; threaded=0; jobified=0
Direct3D:
    Version:  Direct3D 11.0 [level 11.1]
    Renderer: NVIDIA GeForce RTX 4050 Laptop GPU (ID=0x28a1)
    Vendor:   NVIDIA
    VRAM:     5921 MB
    Driver:   32.0.15.6119
Initialize mono
Mono path[0] = 'C:/Program Files/Unity/Hub/Editor/2022.3.47f1/Editor/Data/Managed'
Mono path[1] = 'C:/Program Files/Unity/Hub/Editor/2022.3.47f1/Editor/Data/MonoBleedingEdge/lib/mono/unityjit-win32'
Mono config path = 'C:/Program Files/Unity/Hub/Editor/2022.3.47f1/Editor/Data/MonoBleedingEdge/etc'
Using monoOptions --debugger-agent=transport=dt_socket,embedding=1,server=y,suspend=n,address=127.0.0.1:56032
Begin MonoManager ReloadAssembly
Registering precompiled unity dll's ...
Register platform support module: C:/Program Files/Unity/Hub/Editor/2022.3.47f1/Editor/Data/PlaybackEngines/WebGLSupport/UnityEditor.WebGL.Extensions.dll
Register platform support module: C:/Program Files/Unity/Hub/Editor/2022.3.47f1/Editor/Data/PlaybackEngines/WindowsStandaloneSupport/UnityEditor.WindowsStandalone.Extensions.dll
Registered in 0.007419 seconds.
- Loaded All Assemblies, in  0.321 seconds
Native extension for WindowsStandalone target not found
Native extension for WebGL target not found
Mono: successfully reloaded assembly
- Finished resetting the current domain, in  0.260 seconds
Domain Reload Profiling: 580ms
	BeginReloadAssembly (107ms)
		ExecutionOrderSort (0ms)
		DisableScriptedObjects (0ms)
		BackupInstance (0ms)
		ReleaseScriptingObjects (0ms)
		CreateAndSetChildDomain (1ms)
	RebuildCommonClasses (28ms)
	RebuildNativeTypeToScriptingClass (8ms)
	initialDomainReloadingComplete (52ms)
	LoadAllAssembliesAndSetupDomain (124ms)
		LoadAssemblies (105ms)
		RebuildTransferFunctionScriptingTraits (0ms)
		AnalyzeDomain (122ms)
			TypeCache.Refresh (120ms)
				TypeCache.ScanAssembly (109ms)
			ScanForSourceGeneratedMonoScriptInfo (0ms)
			ResolveRequiredComponents (1ms)
	FinalizeReload (260ms)
		ReleaseScriptCaches (0ms)
		RebuildScriptCaches (0ms)
		SetupLoadedEditorAssemblies (215ms)
			LogAssemblyErrors (0ms)
			InitializePlatformSupportModulesInManaged (10ms)
			SetLoadedEditorAssemblies (6ms)
			RefreshPlugins (0ms)
			BeforeProcessingInitializeOnLoad (2ms)
			ProcessInitializeOnLoadAttributes (157ms)
			ProcessInitializeOnLoadMethodAttributes (40ms)
			AfterProcessingInitializeOnLoad (0ms)
			EditorAssembliesLoaded (0ms)
		ExecutionOrderSort2 (0ms)
		AwakeInstancesAfterBackupRestoration (0ms)
========================================================================
Worker process is ready to serve import requests
Caller must complete domain reload
Begin MonoManager ReloadAssembly
- Loaded All Assemblies, in  0.646 seconds
Native extension for WindowsStandalone target not found
Native extension for WebGL target not found
Mono: successfully reloaded assembly
- Finished resetting the current domain, in  0.738 seconds
Domain Reload Profiling: 1381ms
	BeginReloadAssembly (146ms)
		ExecutionOrderSort (0ms)
		DisableScriptedObjects (5ms)
		BackupInstance (0ms)
		ReleaseScriptingObjects (0ms)
		CreateAndSetChildDomain (23ms)
	RebuildCommonClasses (31ms)
	RebuildNativeTypeToScriptingClass (9ms)
	initialDomainReloadingComplete (41ms)
	LoadAllAssembliesAndSetupDomain (415ms)
		LoadAssemblies (324ms)
		RebuildTransferFunctionScriptingTraits (0ms)
		AnalyzeDomain (181ms)
			TypeCache.Refresh (153ms)
				TypeCache.ScanAssembly (140ms)
			ScanForSourceGeneratedMonoScriptInfo (17ms)
			ResolveRequiredComponents (9ms)
	FinalizeReload (739ms)
		ReleaseScriptCaches (0ms)
		RebuildScriptCaches (0ms)
		SetupLoadedEditorAssemblies (594ms)
			LogAssemblyErrors (0ms)
			InitializePlatformSupportModulesInManaged (6ms)
			SetLoadedEditorAssemblies (3ms)
			RefreshPlugins (0ms)
			BeforeProcessingInitializeOnLoad (68ms)
			ProcessInitializeOnLoadAttributes (448ms)
			ProcessInitializeOnLoadMethodAttributes (62ms)
			AfterProcessingInitializeOnLoad (7ms)
			EditorAssembliesLoaded (0ms)
		ExecutionOrderSort2 (0ms)
		AwakeInstancesAfterBackupRestoration (7ms)
Launched and connected shader compiler UnityShaderCompiler.exe after 0.06 seconds
Refreshing native plugins compatible for Editor in 3.95 ms, found 3 plugins.
Preloading 0 native plugins for Editor in 0.00 ms.
Unloading 4973 Unused Serialized files (Serialized files now loaded: 0)
Unloading 24 unused Assets / (348.4 KB). Loaded Objects now: 5436.
Memory consumption went from 198.7 MB to 198.3 MB.
Total: 6.455100 ms (FindLiveObjects: 0.481300 ms CreateObjectMapping: 0.237500 ms MarkObjects: 5.463100 ms  DeleteObjects: 0.272000 ms)

AssetImportParameters requested are different than current active one (requested -> active):
  custom:container-demuxer-ogg: 62fdf1f143b41e24485cea50d1cbac27 -> 
  custom:video-decoder-ogg-theora: a1e56fd34408186e4bbccfd4996cb3dc -> 
  custom:framework-win-MediaFoundation: 216162199b28c13a410421893ffa2e32 -> 
  custom:CustomObjectIndexerAttribute: 72b91833f83ae208fae7752999fa3104 -> 
  custom:container-demuxer-webm: 4f35f7cbe854078d1ac9338744f61a02 -> 
  custom:container-muxer-webm: aa71ff27fc2769a1b78a27578f13a17b -> 
  custom:video-decoder-webm-vp8: 9c59270c3fd7afecdb556c50c9e8de78 -> 
  custom:SearchIndexIgnoredProperties: e643bd26f0fe6173181afceb89e7c659 -> 
  custom:AudioImporter_EditorPlatform: d09bf68614088b80899f8185d706f6e7 -> 
  custom:video-encoder-webm-vp8: eb34c28f22e8b96e1ab97ce403110664 -> 
  custom:audio-decoder-ogg-vorbis: bf7c407c2cedff20999df2af8eb42d56 -> 
  custom:audio-encoder-webm-vorbis: bf7c407c2cedff20999df2af8eb42d56 -> 
========================================================================
Received Import Request.
  Time since last request: 795491.706063 seconds.
  path: Assets/TutorialsEU_Assets/Assets/Environment/3DModels/roadDirt_center.fbx
  artifactKey: Guid(eb5f937de262ba444b5d414b2ec129d4) Importer(815301076,1909f56bfc062723c751e8b465ee728b)
Start importing Assets/TutorialsEU_Assets/Assets/Environment/3DModels/roadDirt_center.fbx using Guid(eb5f937de262ba444b5d414b2ec129d4) Importer(815301076,1909f56bfc062723c751e8b465ee728b) [PhysX] Initialized MultithreadedTaskDispatcher with 12 workers.
[PhysX] Initialized MultithreadedTaskDispatcher with 12 workers.
[PhysX] Initialized MultithreadedTaskDispatcher with 12 workers.
[PhysX] Initialized MultithreadedTaskDispatcher with 12 workers.
 -> (artifact id: 'f1b59bdc5e35d6e39608e293c024ff35') in 0.364946 seconds
Number of updated asset objects reloaded before import = 0
Number of asset objects unloaded after import = 29
========================================================================
Received Import Request.
  Time since last request: 0.000047 seconds.
  path: Assets/TutorialsEU_Assets/Assets/Environment/3DModels/roadAsphalt_pavement.fbx
  artifactKey: Guid(c8936b6a6c2c0664396c2dd4046c728b) Importer(815301076,1909f56bfc062723c751e8b465ee728b)
Start importing Assets/TutorialsEU_Assets/Assets/Environment/3DModels/roadAsphalt_pavement.fbx using Guid(c8936b6a6c2c0664396c2dd4046c728b) Importer(815301076,1909f56bfc062723c751e8b465ee728b) [PhysX] Initialized MultithreadedTaskDispatcher with 12 workers.
[PhysX] Initialized MultithreadedTaskDispatcher with 12 workers.
[PhysX] Initialized MultithreadedTaskDispatcher with 12 workers.
[PhysX] Initialized MultithreadedTaskDispatcher with 12 workers.
 -> (artifact id: 'bc87a313a9921d38005f26ee3dcafc2c') in 0.021798 seconds
Number of updated asset objects reloaded before import = 0
Number of asset objects unloaded after import = 10
========================================================================
Received Import Request.
  Time since last request: 0.000021 seconds.
  path: Assets/TutorialsEU_Assets/Assets/Environment/3DModels/wallB_door.fbx
  artifactKey: Guid(9abafbf2292b4614d9b6b40bf65c19de) Importer(815301076,1909f56bfc062723c751e8b465ee728b)
Start importing Assets/TutorialsEU_Assets/Assets/Environment/3DModels/wallB_door.fbx using Guid(9abafbf2292b4614d9b6b40bf65c19de) Importer(815301076,1909f56bfc062723c751e8b465ee728b) [PhysX] Initialized MultithreadedTaskDispatcher with 12 workers.
[PhysX] Initialized MultithreadedTaskDispatcher with 12 workers.
[PhysX] Initialized MultithreadedTaskDispatcher with 12 workers.
[PhysX] Initialized MultithreadedTaskDispatcher with 12 workers.
[PhysX] Initialized MultithreadedTaskDispatcher with 12 workers.
[PhysX] Initialized MultithreadedTaskDispatcher with 12 workers.
[PhysX] Initialized MultithreadedTaskDispatcher with 12 workers.
 -> (artifact id: '76ce930176b7ea8419152742d4b3f3fd') in 0.040151 seconds
Number of updated asset objects reloaded before import = 0
Number of asset objects unloaded after import = 16
========================================================================
Received Import Request.
  Time since last request: 0.000025 seconds.
  path: Assets/TutorialsEU_Assets/Assets/Environment/3DModels/detailBarrierStrong_typeA.fbx
  artifactKey: Guid(eebb147b7e22b63428cb9253bf99ed6d) Importer(815301076,1909f56bfc062723c751e8b465ee728b)
Start importing Assets/TutorialsEU_Assets/Assets/Environment/3DModels/detailBarrierStrong_typeA.fbx using Guid(eebb147b7e22b63428cb9253bf99ed6d) Importer(815301076,1909f56bfc062723c751e8b465ee728b) [PhysX] Initialized MultithreadedTaskDispatcher with 12 workers.
[PhysX] Initialized MultithreadedTaskDispatcher with 12 workers.
[PhysX] Initialized MultithreadedTaskDispatcher with 12 workers.
[PhysX] Initialized MultithreadedTaskDispatcher with 12 workers.
 -> (artifact id: '2ac988c8a9edfa1a6937af2c15066682') in 0.019349 seconds
Number of updated asset objects reloaded before import = 0
Number of asset objects unloaded after import = 10
========================================================================
Received Import Request.
  Time since last request: 0.000025 seconds.
  path: Assets/TutorialsEU_Assets/Assets/Environment/3DModels/grass.fbx
  artifactKey: Guid(f26cbde736512a84ea42fac1cca9d1a7) Importer(815301076,1909f56bfc062723c751e8b465ee728b)
Start importing Assets/TutorialsEU_Assets/Assets/Environment/3DModels/grass.fbx using Guid(f26cbde736512a84ea42fac1cca9d1a7) Importer(815301076,1909f56bfc062723c751e8b465ee728b) [PhysX] Initialized MultithreadedTaskDispatcher with 12 workers.
[PhysX] Initialized MultithreadedTaskDispatcher with 12 workers.
[PhysX] Initialized MultithreadedTaskDispatcher with 12 workers.
[PhysX] Initialized MultithreadedTaskDispatcher with 12 workers.
 -> (artifact id: 'f360d8db01ca84c233939df1663add63') in 0.019650 seconds
Number of updated asset objects reloaded before import = 0
Number of asset objects unloaded after import = 10
========================================================================
Received Import Request.
  Time since last request: 0.000022 seconds.
  path: Assets/TutorialsEU_Assets/Assets/Environment/3DModels/windowWide_typeB.fbx
  artifactKey: Guid(d12e1fcbf9fd51748829b9cbc81db730) Importer(815301076,1909f56bfc062723c751e8b465ee728b)
Start importing Assets/TutorialsEU_Assets/Assets/Environment/3DModels/windowWide_typeB.fbx using Guid(d12e1fcbf9fd51748829b9cbc81db730) Importer(815301076,1909f56bfc062723c751e8b465ee728b) [PhysX] Initialized MultithreadedTaskDispatcher with 12 workers.
[PhysX] Initialized MultithreadedTaskDispatcher with 12 workers.
[PhysX] Initialized MultithreadedTaskDispatcher with 12 workers.
[PhysX] Initialized MultithreadedTaskDispatcher with 12 workers.
[PhysX] Initialized MultithreadedTaskDispatcher with 12 workers.
 -> (artifact id: '522b0d692c61b17f0940d8897c676f29') in 0.025762 seconds
Number of updated asset objects reloaded before import = 0
Number of asset objects unloaded after import = 12
========================================================================
Received Import Request.
  Time since last request: 0.000020 seconds.
  path: Assets/TutorialsEU_Assets/Assets/Environment/3DModels/roadDirt_damaged.fbx
  artifactKey: Guid(56ffaf8d8ad6c3047a6157bbcddb6aa2) Importer(815301076,1909f56bfc062723c751e8b465ee728b)
Start importing Assets/TutorialsEU_Assets/Assets/Environment/3DModels/roadDirt_damaged.fbx using Guid(56ffaf8d8ad6c3047a6157bbcddb6aa2) Importer(815301076,1909f56bfc062723c751e8b465ee728b) [PhysX] Initialized MultithreadedTaskDispatcher with 12 workers.
[PhysX] Initialized MultithreadedTaskDispatcher with 12 workers.
[PhysX] Initialized MultithreadedTaskDispatcher with 12 workers.
[PhysX] Initialized MultithreadedTaskDispatcher with 12 workers.
[PhysX] Initialized MultithreadedTaskDispatcher with 12 workers.
 -> (artifact id: '7e60ceb8736822d75b77acf4e93aca29') in 0.024256 seconds
Number of updated asset objects reloaded before import = 0
Number of asset objects unloaded after import = 12
========================================================================
Received Import Request.
  Time since last request: 0.000020 seconds.
  path: Assets/TutorialsEU_Assets/Assets/Environment/3DModels/detailCables_typeA.fbx
  artifactKey: Guid(839e3f8fdbe2ec74b8506238b017331f) Importer(815301076,1909f56bfc062723c751e8b465ee728b)
Start importing Assets/TutorialsEU_Assets/Assets/Environment/3DModels/detailCables_typeA.fbx using Guid(839e3f8fdbe2ec74b8506238b017331f) Importer(815301076,1909f56bfc062723c751e8b465ee728b) [PhysX] Initialized MultithreadedTaskDispatcher with 12 workers.
[PhysX] Initialized MultithreadedTaskDispatcher with 12 workers.
[PhysX] Initialized MultithreadedTaskDispatcher with 12 workers.
[PhysX] Initialized MultithreadedTaskDispatcher with 12 workers.
 -> (artifact id: '654048cc3777588987caa80ca31f6d20') in 0.016666 seconds
Number of updated asset objects reloaded before import = 0
Number of asset objects unloaded after import = 10
========================================================================
Received Import Request.
  Time since last request: 0.000022 seconds.
  path: Assets/TutorialsEU_Assets/Assets/Environment/City.prefab
  artifactKey: Guid(f1e79dc00fde5474da5cc93c83aa1a8e) Importer(815301076,1909f56bfc062723c751e8b465ee728b)
Start importing Assets/TutorialsEU_Assets/Assets/Environment/City.prefab using Guid(f1e79dc00fde5474da5cc93c83aa1a8e) Importer(815301076,1909f56bfc062723c751e8b465ee728b) [PhysX] Initialized MultithreadedTaskDispatcher with 12 workers.
[PhysX] Initialized MultithreadedTaskDispatcher with 12 workers.
 -> (artifact id: 'd8503590adb0ab9ea6b06e485c4d44a1') in 0.105021 seconds
Number of updated asset objects reloaded before import = 0
Number of asset objects unloaded after import = 3195
========================================================================
Received Import Request.
  Time since last request: 0.000040 seconds.
  path: Assets/TutorialsEU_Assets/Assets/Environment/3DModels/roadDirt_cornerOuter.fbx
  artifactKey: Guid(d6e15505cd560a3498713f4f1e19b70c) Importer(815301076,1909f56bfc062723c751e8b465ee728b)
Start importing Assets/TutorialsEU_Assets/Assets/Environment/3DModels/roadDirt_cornerOuter.fbx using Guid(d6e15505cd560a3498713f4f1e19b70c) Importer(815301076,1909f56bfc062723c751e8b465ee728b) [PhysX] Initialized MultithreadedTaskDispatcher with 12 workers.
[PhysX] Initialized MultithreadedTaskDispatcher with 12 workers.
[PhysX] Initialized MultithreadedTaskDispatcher with 12 workers.
[PhysX] Initialized MultithreadedTaskDispatcher with 12 workers.
[PhysX] Initialized MultithreadedTaskDispatcher with 12 workers.
 -> (artifact id: 'c46eb0e7e6b461513c916158a56eb37c') in 0.024179 seconds
Number of updated asset objects reloaded before import = 0
Number of asset objects unloaded after import = 12
========================================================================
Received Import Request.
  Time since last request: 0.000021 seconds.
  path: Assets/TutorialsEU_Assets/Assets/Environment/3DModels/roadDirt_pavement.fbx
  artifactKey: Guid(4d762ca2b7a634f4b98ca3c659400cee) Importer(815301076,1909f56bfc062723c751e8b465ee728b)
Start importing Assets/TutorialsEU_Assets/Assets/Environment/3DModels/roadDirt_pavement.fbx using Guid(4d762ca2b7a634f4b98ca3c659400cee) Importer(815301076,1909f56bfc062723c751e8b465ee728b) [PhysX] Initialized MultithreadedTaskDispatcher with 12 workers.
[PhysX] Initialized MultithreadedTaskDispatcher with 12 workers.
[PhysX] Initialized MultithreadedTaskDispatcher with 12 workers.
[PhysX] Initialized MultithreadedTaskDispatcher with 12 workers.
 -> (artifact id: '5b127efd7cecdd14b916f960fd7d6a4b') in 0.017365 seconds
Number of updated asset objects reloaded before import = 0
Number of asset objects unloaded after import = 10
========================================================================
Received Import Request.
  Time since last request: 0.000025 seconds.
  path: Assets/TutorialsEU_Assets/Assets/Environment/3DModels/tree_shrub.fbx
  artifactKey: Guid(04fe56ac1ae94ee418780f97d891ad2c) Importer(815301076,1909f56bfc062723c751e8b465ee728b)
Start importing Assets/TutorialsEU_Assets/Assets/Environment/3DModels/tree_shrub.fbx using Guid(04fe56ac1ae94ee418780f97d891ad2c) Importer(815301076,1909f56bfc062723c751e8b465ee728b) [PhysX] Initialized MultithreadedTaskDispatcher with 12 workers.
[PhysX] Initialized MultithreadedTaskDispatcher with 12 workers.
[PhysX] Initialized MultithreadedTaskDispatcher with 12 workers.
[PhysX] Initialized MultithreadedTaskDispatcher with 12 workers.
 -> (artifact id: 'd67ed5c94171749a326670a1cbaeb37b') in 0.017414 seconds
Number of updated asset objects reloaded before import = 0
Number of asset objects unloaded after import = 10
========================================================================
Received Import Request.
  Time since last request: 0.000024 seconds.
  path: Assets/TutorialsEU_Assets/Assets/Environment/3DModels/wallB_flat.fbx
  artifactKey: Guid(22803106dfc07f344a8ec08b77fb9773) Importer(815301076,1909f56bfc062723c751e8b465ee728b)
Start importing Assets/TutorialsEU_Assets/Assets/Environment/3DModels/wallB_flat.fbx using Guid(22803106dfc07f344a8ec08b77fb9773) Importer(815301076,1909f56bfc062723c751e8b465ee728b) [PhysX] Initialized MultithreadedTaskDispatcher with 12 workers.
[PhysX] Initialized MultithreadedTaskDispatcher with 12 workers.
[PhysX] Initialized MultithreadedTaskDispatcher with 12 workers.
[PhysX] Initialized MultithreadedTaskDispatcher with 12 workers.
 -> (artifact id: '8c1c6aa6e038f2cc143b96e0c551f785') in 0.016659 seconds
Number of updated asset objects reloaded before import = 0
Number of asset objects unloaded after import = 10
========================================================================
Received Import Request.
  Time since last request: 0.000026 seconds.
  path: Assets/TutorialsEU_Assets/Assets/Environment/3DModels/detailDumpster_open.fbx
  artifactKey: Guid(632d9cbdc5d32db4a9797ed6658a72af) Importer(815301076,1909f56bfc062723c751e8b465ee728b)
Start importing Assets/TutorialsEU_Assets/Assets/Environment/3DModels/detailDumpster_open.fbx using Guid(632d9cbdc5d32db4a9797ed6658a72af) Importer(815301076,1909f56bfc062723c751e8b465ee728b) [PhysX] Initialized MultithreadedTaskDispatcher with 12 workers.
[PhysX] Initialized MultithreadedTaskDispatcher with 12 workers.
[PhysX] Initialized MultithreadedTaskDispatcher with 12 workers.
[PhysX] Initialized MultithreadedTaskDispatcher with 12 workers.
[PhysX] Initialized MultithreadedTaskDispatcher with 12 workers.
[PhysX] Initialized MultithreadedTaskDispatcher with 12 workers.
[PhysX] Initialized MultithreadedTaskDispatcher with 12 workers.
 -> (artifact id: '046a311572ec1308dcbb420be2c3a9e9') in 0.034887 seconds
Number of updated asset objects reloaded before import = 0
Number of asset objects unloaded after import = 16
========================================================================
Received Import Request.
  Time since last request: 0.000026 seconds.
  path: Assets/TutorialsEU_Assets/Assets/Environment/3DModels/detailDumpster_closed.fbx
  artifactKey: Guid(65b2868f8bc7dd2428936fd53d3d3ca6) Importer(815301076,1909f56bfc062723c751e8b465ee728b)
Start importing Assets/TutorialsEU_Assets/Assets/Environment/3DModels/detailDumpster_closed.fbx using Guid(65b2868f8bc7dd2428936fd53d3d3ca6) Importer(815301076,1909f56bfc062723c751e8b465ee728b) [PhysX] Initialized MultithreadedTaskDispatcher with 12 workers.
[PhysX] Initialized MultithreadedTaskDispatcher with 12 workers.
[PhysX] Initialized MultithreadedTaskDispatcher with 12 workers.
[PhysX] Initialized MultithreadedTaskDispatcher with 12 workers.
[PhysX] Initialized MultithreadedTaskDispatcher with 12 workers.
[PhysX] Initialized MultithreadedTaskDispatcher with 12 workers.
 -> (artifact id: '080360abdebc7dcb8f2d63dd1c001c38') in 0.031373 seconds
Number of updated asset objects reloaded before import = 0
Number of asset objects unloaded after import = 14
========================================================================
Received Import Request.
  Time since last request: 0.000020 seconds.
  path: Assets/TutorialsEU_Assets/Assets/Environment/3DModels/wallA_flatWindow.fbx
  artifactKey: Guid(dfe4a23746bc6634b9281b3477a1d590) Importer(815301076,1909f56bfc062723c751e8b465ee728b)
Start importing Assets/TutorialsEU_Assets/Assets/Environment/3DModels/wallA_flatWindow.fbx using Guid(dfe4a23746bc6634b9281b3477a1d590) Importer(815301076,1909f56bfc062723c751e8b465ee728b) [PhysX] Initialized MultithreadedTaskDispatcher with 12 workers.
[PhysX] Initialized MultithreadedTaskDispatcher with 12 workers.
[PhysX] Initialized MultithreadedTaskDispatcher with 12 workers.
[PhysX] Initialized MultithreadedTaskDispatcher with 12 workers.
[PhysX] Initialized MultithreadedTaskDispatcher with 12 workers.
[PhysX] Initialized MultithreadedTaskDispatcher with 12 workers.
 -> (artifact id: '815b035f93627a1bef271f3133565977') in 0.033067 seconds
Number of updated asset objects reloaded before import = 0
Number of asset objects unloaded after import = 14
========================================================================
Received Import Request.
  Time since last request: 1.000222 seconds.
  path: Assets/TutorialsEU_Assets/Assets/Environment/Prefabs
  artifactKey: Guid(2c9dec17395bff84080e8facb89920ba) Importer(815301076,1909f56bfc062723c751e8b465ee728b)
Start importing Assets/TutorialsEU_Assets/Assets/Environment/Prefabs using Guid(2c9dec17395bff84080e8facb89920ba) Importer(815301076,1909f56bfc062723c751e8b465ee728b) [PhysX] Initialized MultithreadedTaskDispatcher with 12 workers.
 -> (artifact id: '4e58b14f56cc4a4f9bf8f46d0c64d12e') in 0.000719 seconds
Number of updated asset objects reloaded before import = 0
Number of asset objects unloaded after import = 0
========================================================================
Received Import Request.
  Time since last request: 0.063529 seconds.
  path: Assets/TutorialsEU_Assets/Assets/Environment/Prefabs/balcony_typeA.prefab
  artifactKey: Guid(5bb726db6d6e7c74aadc267fbc6c71ec) Importer(815301076,1909f56bfc062723c751e8b465ee728b)
Start importing Assets/TutorialsEU_Assets/Assets/Environment/Prefabs/balcony_typeA.prefab using Guid(5bb726db6d6e7c74aadc267fbc6c71ec) Importer(815301076,1909f56bfc062723c751e8b465ee728b) [PhysX] Initialized MultithreadedTaskDispatcher with 12 workers.
[PhysX] Initialized MultithreadedTaskDispatcher with 12 workers.
 -> (artifact id: '33c4d9926a86c9654dff1e02d260da31') in 0.010290 seconds
Number of updated asset objects reloaded before import = 0
Number of asset objects unloaded after import = 11
========================================================================
Received Import Request.
  Time since last request: 0.000020 seconds.
  path: Assets/TutorialsEU_Assets/Assets/Environment/Prefabs/detailAwning_small.prefab
  artifactKey: Guid(202fdaed48d5720448c2f73e522063d0) Importer(815301076,1909f56bfc062723c751e8b465ee728b)
Start importing Assets/TutorialsEU_Assets/Assets/Environment/Prefabs/detailAwning_small.prefab using Guid(202fdaed48d5720448c2f73e522063d0) Importer(815301076,1909f56bfc062723c751e8b465ee728b) [PhysX] Initialized MultithreadedTaskDispatcher with 12 workers.
[PhysX] Initialized MultithreadedTaskDispatcher with 12 workers.
 -> (artifact id: '94b2e7b42bfeded851dbce0596e43479') in 0.009783 seconds
Number of updated asset objects reloaded before import = 0
Number of asset objects unloaded after import = 11
========================================================================
Received Import Request.
  Time since last request: 0.000017 seconds.
  path: Assets/TutorialsEU_Assets/Assets/Environment/Prefabs/roadAsphalt_corner.prefab
  artifactKey: Guid(db37e8e104d30134ebf9b142ae2fa832) Importer(815301076,1909f56bfc062723c751e8b465ee728b)
Start importing Assets/TutorialsEU_Assets/Assets/Environment/Prefabs/roadAsphalt_corner.prefab using Guid(db37e8e104d30134ebf9b142ae2fa832) Importer(815301076,1909f56bfc062723c751e8b465ee728b) [PhysX] Initialized MultithreadedTaskDispatcher with 12 workers.
[PhysX] Initialized MultithreadedTaskDispatcher with 12 workers.
 -> (artifact id: '1b78e2f145de2d07e15f6ff436b5fd67') in 0.009522 seconds
Number of updated asset objects reloaded before import = 0
Number of asset objects unloaded after import = 13
========================================================================
Received Import Request.
  Time since last request: 0.000029 seconds.
  path: Assets/TutorialsEU_Assets/Assets/Environment/Prefabs/door_typeB.prefab
  artifactKey: Guid(3ce8b8a06a4b5f44eb2a51e25de06445) Importer(815301076,1909f56bfc062723c751e8b465ee728b)
Start importing Assets/TutorialsEU_Assets/Assets/Environment/Prefabs/door_typeB.prefab using Guid(3ce8b8a06a4b5f44eb2a51e25de06445) Importer(815301076,1909f56bfc062723c751e8b465ee728b) [PhysX] Initialized MultithreadedTaskDispatcher with 12 workers.
[PhysX] Initialized MultithreadedTaskDispatcher with 12 workers.
 -> (artifact id: 'ef2e33f373edf93b5b880d512ed20110') in 0.012483 seconds
Number of updated asset objects reloaded before import = 0
Number of asset objects unloaded after import = 13
========================================================================
Received Import Request.
  Time since last request: 0.000019 seconds.
  path: Assets/TutorialsEU_Assets/Assets/Environment/Prefabs/detailLight_single.prefab
  artifactKey: Guid(baa58448a5b07eb409d8ace7b69a9f5f) Importer(815301076,1909f56bfc062723c751e8b465ee728b)
Start importing Assets/TutorialsEU_Assets/Assets/Environment/Prefabs/detailLight_single.prefab using Guid(baa58448a5b07eb409d8ace7b69a9f5f) Importer(815301076,1909f56bfc062723c751e8b465ee728b) [PhysX] Initialized MultithreadedTaskDispatcher with 12 workers.
[PhysX] Initialized MultithreadedTaskDispatcher with 12 workers.
 -> (artifact id: '676c95a676d38a133c310d69661147ed') in 0.009260 seconds
Number of updated asset objects reloaded before import = 0
Number of asset objects unloaded after import = 11
========================================================================
Received Import Request.
  Time since last request: 0.000020 seconds.
  path: Assets/TutorialsEU_Assets/Assets/Environment/Prefabs/detailBeam.prefab
  artifactKey: Guid(06eba9f6f27be3b47adffa417b8c2a55) Importer(815301076,1909f56bfc062723c751e8b465ee728b)
Start importing Assets/TutorialsEU_Assets/Assets/Environment/Prefabs/detailBeam.prefab using Guid(06eba9f6f27be3b47adffa417b8c2a55) Importer(815301076,1909f56bfc062723c751e8b465ee728b) [PhysX] Initialized MultithreadedTaskDispatcher with 12 workers.
[PhysX] Initialized MultithreadedTaskDispatcher with 12 workers.
 -> (artifact id: '791afc2a080c9e8cee0f391d486f2c3c') in 0.009624 seconds
Number of updated asset objects reloaded before import = 0
Number of asset objects unloaded after import = 13
========================================================================
Received Import Request.
  Time since last request: 0.000019 seconds.
  path: Assets/TutorialsEU_Assets/Assets/Environment/Prefabs/detailLight_double.prefab
  artifactKey: Guid(df7882756f06c8e47986f39f99b3271d) Importer(815301076,1909f56bfc062723c751e8b465ee728b)
Start importing Assets/TutorialsEU_Assets/Assets/Environment/Prefabs/detailLight_double.prefab using Guid(df7882756f06c8e47986f39f99b3271d) Importer(815301076,1909f56bfc062723c751e8b465ee728b) [PhysX] Initialized MultithreadedTaskDispatcher with 12 workers.
[PhysX] Initialized MultithreadedTaskDispatcher with 12 workers.
 -> (artifact id: '3556aa4fae4e3e89b1415ddd9cc6b9fc') in 0.008941 seconds
Number of updated asset objects reloaded before import = 0
Number of asset objects unloaded after import = 11
========================================================================
Received Import Request.
  Time since last request: 0.000018 seconds.
  path: Assets/TutorialsEU_Assets/Assets/Environment/Prefabs/detailAwning_wide.prefab
  artifactKey: Guid(d87fb1ab3af7144408dcbbe557cf15c3) Importer(815301076,1909f56bfc062723c751e8b465ee728b)
Start importing Assets/TutorialsEU_Assets/Assets/Environment/Prefabs/detailAwning_wide.prefab using Guid(d87fb1ab3af7144408dcbbe557cf15c3) Importer(815301076,1909f56bfc062723c751e8b465ee728b) [PhysX] Initialized MultithreadedTaskDispatcher with 12 workers.
[PhysX] Initialized MultithreadedTaskDispatcher with 12 workers.
 -> (artifact id: '9ecb8cf1a725e4320ab68db0497829f2') in 0.008257 seconds
Number of updated asset objects reloaded before import = 0
Number of asset objects unloaded after import = 11
========================================================================
Received Import Request.
  Time since last request: 0.000018 seconds.
  path: Assets/TutorialsEU_Assets/Assets/Environment/Prefabs/roadAsphalt_center.prefab
  artifactKey: Guid(65ed78cc5463d9f4bb328ea9f843ad2e) Importer(815301076,1909f56bfc062723c751e8b465ee728b)
Start importing Assets/TutorialsEU_Assets/Assets/Environment/Prefabs/roadAsphalt_center.prefab using Guid(65ed78cc5463d9f4bb328ea9f843ad2e) Importer(815301076,1909f56bfc062723c751e8b465ee728b) [PhysX] Initialized MultithreadedTaskDispatcher with 12 workers.
[PhysX] Initialized MultithreadedTaskDispatcher with 12 workers.
 -> (artifact id: '591969b060c94dd91b7b108100a3ac77') in 0.008836 seconds
Number of updated asset objects reloaded before import = 0
Number of asset objects unloaded after import = 11
========================================================================
Received Import Request.
  Time since last request: 0.000030 seconds.
  path: Assets/TutorialsEU_Assets/Assets/Environment/Prefabs/detailLight_traffic.prefab
  artifactKey: Guid(cf014406adaf5da4baa044ab17d226f5) Importer(815301076,1909f56bfc062723c751e8b465ee728b)
Start importing Assets/TutorialsEU_Assets/Assets/Environment/Prefabs/detailLight_traffic.prefab using Guid(cf014406adaf5da4baa044ab17d226f5) Importer(815301076,1909f56bfc062723c751e8b465ee728b) [PhysX] Initialized MultithreadedTaskDispatcher with 12 workers.
[PhysX] Initialized MultithreadedTaskDispatcher with 12 workers.
 -> (artifact id: 'a7aa1117c867b1a175ddb603ece02f15') in 0.010783 seconds
Number of updated asset objects reloaded before import = 0
Number of asset objects unloaded after import = 19
========================================================================
Received Import Request.
  Time since last request: 0.000036 seconds.
  path: Assets/TutorialsEU_Assets/Assets/Environment/Prefabs/roadAsphalt_cornerOuter.prefab
  artifactKey: Guid(a90c8141696d1ef418ef10190414d1d9) Importer(815301076,1909f56bfc062723c751e8b465ee728b)
Start importing Assets/TutorialsEU_Assets/Assets/Environment/Prefabs/roadAsphalt_cornerOuter.prefab using Guid(a90c8141696d1ef418ef10190414d1d9) Importer(815301076,1909f56bfc062723c751e8b465ee728b) [PhysX] Initialized MultithreadedTaskDispatcher with 12 workers.
[PhysX] Initialized MultithreadedTaskDispatcher with 12 workers.
 -> (artifact id: '8a225cc4201cc19047ad50e150b5e4fe') in 0.009641 seconds
Number of updated asset objects reloaded before import = 0
Number of asset objects unloaded after import = 13
========================================================================
Received Import Request.
  Time since last request: 0.000026 seconds.
  path: Assets/TutorialsEU_Assets/Assets/Environment/Prefabs/detailBarrier_typeB.prefab
  artifactKey: Guid(2e3b554579356a0428c22d8ed23293b1) Importer(815301076,1909f56bfc062723c751e8b465ee728b)
Start importing Assets/TutorialsEU_Assets/Assets/Environment/Prefabs/detailBarrier_typeB.prefab using Guid(2e3b554579356a0428c22d8ed23293b1) Importer(815301076,1909f56bfc062723c751e8b465ee728b) [PhysX] Initialized MultithreadedTaskDispatcher with 12 workers.
[PhysX] Initialized MultithreadedTaskDispatcher with 12 workers.
 -> (artifact id: 'ceb1409593b8cfaebd22305fc50d6d4b') in 0.010042 seconds
Number of updated asset objects reloaded before import = 0
Number of asset objects unloaded after import = 13
========================================================================
Received Import Request.
  Time since last request: 10.709110 seconds.
  path: Assets/TutorialsEU_Assets/Assets/Environment/Prefabs/roadDirt_cornerOuter.prefab
  artifactKey: Guid(ee8eaf7704030fb45a053b0d76409841) Importer(815301076,1909f56bfc062723c751e8b465ee728b)
Start importing Assets/TutorialsEU_Assets/Assets/Environment/Prefabs/roadDirt_cornerOuter.prefab using Guid(ee8eaf7704030fb45a053b0d76409841) Importer(815301076,1909f56bfc062723c751e8b465ee728b) [PhysX] Initialized MultithreadedTaskDispatcher with 12 workers.
[PhysX] Initialized MultithreadedTaskDispatcher with 12 workers.
 -> (artifact id: 'dfbcfa30c057a2bdb6c9d19bae9342c0') in 0.018129 seconds
Number of updated asset objects reloaded before import = 0
Number of asset objects unloaded after import = 13
========================================================================
Received Import Request.
  Time since last request: 0.000025 seconds.
  path: Assets/TutorialsEU_Assets/Assets/Environment/Prefabs/truck_flat.prefab
  artifactKey: Guid(21f6d2c06a687e54aba7272bde60e8e0) Importer(815301076,1909f56bfc062723c751e8b465ee728b)
Start importing Assets/TutorialsEU_Assets/Assets/Environment/Prefabs/truck_flat.prefab using Guid(21f6d2c06a687e54aba7272bde60e8e0) Importer(815301076,1909f56bfc062723c751e8b465ee728b) [PhysX] Initialized MultithreadedTaskDispatcher with 12 workers.
[PhysX] Initialized MultithreadedTaskDispatcher with 12 workers.
 -> (artifact id: 'ae5102939cc29fda76c38c355a0cb2e4') in 0.018489 seconds
Number of updated asset objects reloaded before import = 0
Number of asset objects unloaded after import = 19
========================================================================
Received Import Request.
  Time since last request: 0.000027 seconds.
  path: Assets/TutorialsEU_Assets/Assets/Environment/Prefabs/scaffolding_poles.prefab
  artifactKey: Guid(73a82ad399a611d4ba7e2a6f7ea1f671) Importer(815301076,1909f56bfc062723c751e8b465ee728b)
Start importing Assets/TutorialsEU_Assets/Assets/Environment/Prefabs/scaffolding_poles.prefab using Guid(73a82ad399a611d4ba7e2a6f7ea1f671) Importer(815301076,1909f56bfc062723c751e8b465ee728b) [PhysX] Initialized MultithreadedTaskDispatcher with 12 workers.
[PhysX] Initialized MultithreadedTaskDispatcher with 12 workers.
 -> (artifact id: 'b5ae2b8333c6376afff3866ae0e4d13b') in 0.014500 seconds
Number of updated asset objects reloaded before import = 0
Number of asset objects unloaded after import = 11
========================================================================
Received Import Request.
  Time since last request: 0.000032 seconds.
  path: Assets/TutorialsEU_Assets/Assets/Environment/Prefabs/wallA_roofSlantDetailed.prefab
  artifactKey: Guid(cc727c43277178849aa8303563cf07fd) Importer(815301076,1909f56bfc062723c751e8b465ee728b)
Start importing Assets/TutorialsEU_Assets/Assets/Environment/Prefabs/wallA_roofSlantDetailed.prefab using Guid(cc727c43277178849aa8303563cf07fd) Importer(815301076,1909f56bfc062723c751e8b465ee728b) [PhysX] Initialized MultithreadedTaskDispatcher with 12 workers.
[PhysX] Initialized MultithreadedTaskDispatcher with 12 workers.
 -> (artifact id: '675385f95ef6ec4cc3088435a90e642e') in 0.017557 seconds
Number of updated asset objects reloaded before import = 0
Number of asset objects unloaded after import = 22
========================================================================
Received Import Request.
  Time since last request: 0.000031 seconds.
  path: Assets/TutorialsEU_Assets/Assets/Environment/Prefabs/wallB_flatWindow.prefab
  artifactKey: Guid(a930c075fed6e6c4b8b87f3318ce2609) Importer(815301076,1909f56bfc062723c751e8b465ee728b)
Start importing Assets/TutorialsEU_Assets/Assets/Environment/Prefabs/wallB_flatWindow.prefab using Guid(a930c075fed6e6c4b8b87f3318ce2609) Importer(815301076,1909f56bfc062723c751e8b465ee728b) [PhysX] Initialized MultithreadedTaskDispatcher with 12 workers.
[PhysX] Initialized MultithreadedTaskDispatcher with 12 workers.
 -> (artifact id: '37b7c2e37b7827ee2b2eecbcb8372ae3') in 0.016037 seconds
Number of updated asset objects reloaded before import = 0
Number of asset objects unloaded after import = 15
========================================================================
Received Import Request.
  Time since last request: 0.000044 seconds.
  path: Assets/TutorialsEU_Assets/Assets/Environment/Prefabs/wallA_flat.prefab
  artifactKey: Guid(eb6a5257d9e447140833f1e906ff387d) Importer(815301076,1909f56bfc062723c751e8b465ee728b)
Start importing Assets/TutorialsEU_Assets/Assets/Environment/Prefabs/wallA_flat.prefab using Guid(eb6a5257d9e447140833f1e906ff387d) Importer(815301076,1909f56bfc062723c751e8b465ee728b) [PhysX] Initialized MultithreadedTaskDispatcher with 12 workers.
[PhysX] Initialized MultithreadedTaskDispatcher with 12 workers.
 -> (artifact id: '98f639a2a5cc323891fb204ca49b66a3') in 0.013687 seconds
Number of updated asset objects reloaded before import = 0
Number of asset objects unloaded after import = 11
========================================================================
Received Import Request.
  Time since last request: 0.000034 seconds.
  path: Assets/TutorialsEU_Assets/Assets/Environment/Prefabs/wallA_flatPainted.prefab
  artifactKey: Guid(84de1bfdeb48c094682cab09c03ea9c9) Importer(815301076,1909f56bfc062723c751e8b465ee728b)
Start importing Assets/TutorialsEU_Assets/Assets/Environment/Prefabs/wallA_flatPainted.prefab using Guid(84de1bfdeb48c094682cab09c03ea9c9) Importer(815301076,1909f56bfc062723c751e8b465ee728b) [PhysX] Initialized MultithreadedTaskDispatcher with 12 workers.
[PhysX] Initialized MultithreadedTaskDispatcher with 12 workers.
 -> (artifact id: '21e9b0b46fe0621b46ff9147527337a0') in 0.012197 seconds
Number of updated asset objects reloaded before import = 0
Number of asset objects unloaded after import = 11
========================================================================
Received Import Request.
  Time since last request: 0.000024 seconds.
  path: Assets/TutorialsEU_Assets/Assets/Environment/Prefabs/wall_typeB.prefab
  artifactKey: Guid(b7345b2bc45409f46a12a14fc7bee68f) Importer(815301076,1909f56bfc062723c751e8b465ee728b)
Start importing Assets/TutorialsEU_Assets/Assets/Environment/Prefabs/wall_typeB.prefab using Guid(b7345b2bc45409f46a12a14fc7bee68f) Importer(815301076,1909f56bfc062723c751e8b465ee728b) [PhysX] Initialized MultithreadedTaskDispatcher with 12 workers.
[PhysX] Initialized MultithreadedTaskDispatcher with 12 workers.
 -> (artifact id: '0e9d7d48faf5da367a49b3440bb94981') in 0.014360 seconds
Number of updated asset objects reloaded before import = 0
Number of asset objects unloaded after import = 13
========================================================================
Received Import Request.
  Time since last request: 0.000030 seconds.
  path: Assets/TutorialsEU_Assets/Assets/Environment/Prefabs/truck_green.prefab
  artifactKey: Guid(15bd5dcc62930d04cb617cc3a3b6ae76) Importer(815301076,1909f56bfc062723c751e8b465ee728b)
Start importing Assets/TutorialsEU_Assets/Assets/Environment/Prefabs/truck_green.prefab using Guid(15bd5dcc62930d04cb617cc3a3b6ae76) Importer(815301076,1909f56bfc062723c751e8b465ee728b) [PhysX] Initialized MultithreadedTaskDispatcher with 12 workers.
[PhysX] Initialized MultithreadedTaskDispatcher with 12 workers.
 -> (artifact id: '723bed1bc29a51b70cab2f2cbe739228') in 0.013611 seconds
Number of updated asset objects reloaded before import = 0
Number of asset objects unloaded after import = 11
========================================================================
Received Import Request.
  Time since last request: 0.000025 seconds.
  path: Assets/TutorialsEU_Assets/Assets/Environment/Prefabs/wallB_flat.prefab
  artifactKey: Guid(c6d0faf598838c24b9442f7eacdede4a) Importer(815301076,1909f56bfc062723c751e8b465ee728b)
Start importing Assets/TutorialsEU_Assets/Assets/Environment/Prefabs/wallB_flat.prefab using Guid(c6d0faf598838c24b9442f7eacdede4a) Importer(815301076,1909f56bfc062723c751e8b465ee728b) [PhysX] Initialized MultithreadedTaskDispatcher with 12 workers.
[PhysX] Initialized MultithreadedTaskDispatcher with 12 workers.
 -> (artifact id: '7da31e3bc5fb0673186779eac6d0c85a') in 0.012526 seconds
Number of updated asset objects reloaded before import = 0
Number of asset objects unloaded after import = 11
========================================================================
Received Import Request.
  Time since last request: 0.000029 seconds.
  path: Assets/TutorialsEU_Assets/Assets/Environment/Prefabs/wallA_flatGarage.prefab
  artifactKey: Guid(d38d071f412c204458402558017d065a) Importer(815301076,1909f56bfc062723c751e8b465ee728b)
Start importing Assets/TutorialsEU_Assets/Assets/Environment/Prefabs/wallA_flatGarage.prefab using Guid(d38d071f412c204458402558017d065a) Importer(815301076,1909f56bfc062723c751e8b465ee728b) [PhysX] Initialized MultithreadedTaskDispatcher with 12 workers.
[PhysX] Initialized MultithreadedTaskDispatcher with 12 workers.
 -> (artifact id: '0e2ea48ebbbb1f9d898607b9d1a24d2d') in 0.015315 seconds
Number of updated asset objects reloaded before import = 0
Number of asset objects unloaded after import = 21
========================================================================
Received Import Request.
  Time since last request: 0.000028 seconds.
  path: Assets/TutorialsEU_Assets/Assets/Environment/Prefabs/wallA_painted.prefab
  artifactKey: Guid(ae1ac15e61923cb419d26b333fb8110b) Importer(815301076,1909f56bfc062723c751e8b465ee728b)
Start importing Assets/TutorialsEU_Assets/Assets/Environment/Prefabs/wallA_painted.prefab using Guid(ae1ac15e61923cb419d26b333fb8110b) Importer(815301076,1909f56bfc062723c751e8b465ee728b) [PhysX] Initialized MultithreadedTaskDispatcher with 12 workers.
[PhysX] Initialized MultithreadedTaskDispatcher with 12 workers.
 -> (artifact id: '0235ea2332fe1c525a0f85ba731c8dcb') in 0.014364 seconds
Number of updated asset objects reloaded before import = 0
Number of asset objects unloaded after import = 13
========================================================================
Received Import Request.
  Time since last request: 0.000032 seconds.
  path: Assets/TutorialsEU_Assets/Assets/Environment/Prefabs/wallB_open.prefab
  artifactKey: Guid(32201b920b431ba42b1800fb5453132b) Importer(815301076,1909f56bfc062723c751e8b465ee728b)
Start importing Assets/TutorialsEU_Assets/Assets/Environment/Prefabs/wallB_open.prefab using Guid(32201b920b431ba42b1800fb5453132b) Importer(815301076,1909f56bfc062723c751e8b465ee728b) [PhysX] Initialized MultithreadedTaskDispatcher with 12 workers.
[PhysX] Initialized MultithreadedTaskDispatcher with 12 workers.
 -> (artifact id: '8694dd323de6aebd793fd792decf5dc0') in 0.016304 seconds
Number of updated asset objects reloaded before import = 0
Number of asset objects unloaded after import = 13
========================================================================
Received Import Request.
  Time since last request: 0.000030 seconds.
  path: Assets/TutorialsEU_Assets/Assets/Environment/Prefabs/wallC_flatLow.prefab
  artifactKey: Guid(e1a7c02d742a6ac439c4156067e0fbc2) Importer(815301076,1909f56bfc062723c751e8b465ee728b)
Start importing Assets/TutorialsEU_Assets/Assets/Environment/Prefabs/wallC_flatLow.prefab using Guid(e1a7c02d742a6ac439c4156067e0fbc2) Importer(815301076,1909f56bfc062723c751e8b465ee728b) [PhysX] Initialized MultithreadedTaskDispatcher with 12 workers.
[PhysX] Initialized MultithreadedTaskDispatcher with 12 workers.
 -> (artifact id: 'ab92916ea82bba86786b194920dccafe') in 0.012426 seconds
Number of updated asset objects reloaded before import = 0
Number of asset objects unloaded after import = 11
========================================================================
Received Import Request.
  Time since last request: 0.000041 seconds.
  path: Assets/TutorialsEU_Assets/Assets/Environment/Prefabs/windowSmall_typeA.prefab
  artifactKey: Guid(e10dde431f59d3d478e487970a419471) Importer(815301076,1909f56bfc062723c751e8b465ee728b)
Start importing Assets/TutorialsEU_Assets/Assets/Environment/Prefabs/windowSmall_typeA.prefab using Guid(e10dde431f59d3d478e487970a419471) Importer(815301076,1909f56bfc062723c751e8b465ee728b) [PhysX] Initialized MultithreadedTaskDispatcher with 12 workers.
[PhysX] Initialized MultithreadedTaskDispatcher with 12 workers.
 -> (artifact id: '9c4e6e07fdf54ba5a363da569120e40f') in 0.014317 seconds
Number of updated asset objects reloaded before import = 0
Number of asset objects unloaded after import = 13
========================================================================
Received Import Request.
  Time since last request: 0.000030 seconds.
  path: Assets/TutorialsEU_Assets/Assets/Environment/Prefabs/windowSmall_typeB.prefab
  artifactKey: Guid(3c0c41c4ed0517645bfaf57acc4ae64b) Importer(815301076,1909f56bfc062723c751e8b465ee728b)
Start importing Assets/TutorialsEU_Assets/Assets/Environment/Prefabs/windowSmall_typeB.prefab using Guid(3c0c41c4ed0517645bfaf57acc4ae64b) Importer(815301076,1909f56bfc062723c751e8b465ee728b) [PhysX] Initialized MultithreadedTaskDispatcher with 12 workers.
[PhysX] Initialized MultithreadedTaskDispatcher with 12 workers.
 -> (artifact id: 'b87c2a3c60d911fa073ab93af6824ccf') in 0.013641 seconds
Number of updated asset objects reloaded before import = 0
Number of asset objects unloaded after import = 13
========================================================================
Received Import Request.
  Time since last request: 0.000033 seconds.
  path: Assets/TutorialsEU_Assets/Assets/Environment/Prefabs/roofMetal_poles.prefab
  artifactKey: Guid(eaa48efdc47296b4d924fc93de066b96) Importer(815301076,1909f56bfc062723c751e8b465ee728b)
Start importing Assets/TutorialsEU_Assets/Assets/Environment/Prefabs/roofMetal_poles.prefab using Guid(eaa48efdc47296b4d924fc93de066b96) Importer(815301076,1909f56bfc062723c751e8b465ee728b) [PhysX] Initialized MultithreadedTaskDispatcher with 12 workers.
[PhysX] Initialized MultithreadedTaskDispatcher with 12 workers.
 -> (artifact id: '81b013f3489ce1c5e82944f3525aae6f') in 0.014637 seconds
Number of updated asset objects reloaded before import = 0
Number of asset objects unloaded after import = 13
========================================================================
Received Import Request.
  Time since last request: 0.000033 seconds.
  path: Assets/TutorialsEU_Assets/Assets/Environment/Prefabs/windowWide_typeA.prefab
  artifactKey: Guid(ce3b9a92264cfc44db5429395b8ce7ed) Importer(815301076,1909f56bfc062723c751e8b465ee728b)
Start importing Assets/TutorialsEU_Assets/Assets/Environment/Prefabs/windowWide_typeA.prefab using Guid(ce3b9a92264cfc44db5429395b8ce7ed) Importer(815301076,1909f56bfc062723c751e8b465ee728b) [PhysX] Initialized MultithreadedTaskDispatcher with 12 workers.
[PhysX] Initialized MultithreadedTaskDispatcher with 12 workers.
 -> (artifact id: '9e8ca930e62b2be0620b80b0030eecf5') in 0.013385 seconds
Number of updated asset objects reloaded before import = 0
Number of asset objects unloaded after import = 13
========================================================================
Received Import Request.
  Time since last request: 0.000025 seconds.
  path: Assets/TutorialsEU_Assets/Assets/Environment/Prefabs/wall_typeA.prefab
  artifactKey: Guid(db73bbab4cadae94d932330b763e9d64) Importer(815301076,1909f56bfc062723c751e8b465ee728b)
Start importing Assets/TutorialsEU_Assets/Assets/Environment/Prefabs/wall_typeA.prefab using Guid(db73bbab4cadae94d932330b763e9d64) Importer(815301076,1909f56bfc062723c751e8b465ee728b) [PhysX] Initialized MultithreadedTaskDispatcher with 12 workers.
[PhysX] Initialized MultithreadedTaskDispatcher with 12 workers.
 -> (artifact id: '7f3d1ea4abfcc6caad7f787511c4029b') in 0.017241 seconds
Number of updated asset objects reloaded before import = 0
Number of asset objects unloaded after import = 13
========================================================================
Received Import Request.
  Time since last request: 0.000027 seconds.
  path: Assets/TutorialsEU_Assets/Assets/Environment/Prefabs/wallA_lowPainted.prefab
  artifactKey: Guid(ef5b2c6420a9af044b6e655b5a66aa73) Importer(815301076,1909f56bfc062723c751e8b465ee728b)
Start importing Assets/TutorialsEU_Assets/Assets/Environment/Prefabs/wallA_lowPainted.prefab using Guid(ef5b2c6420a9af044b6e655b5a66aa73) Importer(815301076,1909f56bfc062723c751e8b465ee728b) [PhysX] Initialized MultithreadedTaskDispatcher with 12 workers.
[PhysX] Initialized MultithreadedTaskDispatcher with 12 workers.
 -> (artifact id: '63db170ffb84fb57b113c0b73629decd') in 0.016037 seconds
Number of updated asset objects reloaded before import = 0
Number of asset objects unloaded after import = 13
========================================================================
Received Import Request.
  Time since last request: 0.000027 seconds.
  path: Assets/TutorialsEU_Assets/Assets/Environment/Prefabs/roadDirt_straight.prefab
  artifactKey: Guid(bf5cb036f9f47c249818707cd785d193) Importer(815301076,1909f56bfc062723c751e8b465ee728b)
Start importing Assets/TutorialsEU_Assets/Assets/Environment/Prefabs/roadDirt_straight.prefab using Guid(bf5cb036f9f47c249818707cd785d193) Importer(815301076,1909f56bfc062723c751e8b465ee728b) [PhysX] Initialized MultithreadedTaskDispatcher with 12 workers.
[PhysX] Initialized MultithreadedTaskDispatcher with 12 workers.
 -> (artifact id: 'fabc06215640054379c6abb7ec154624') in 0.015998 seconds
Number of updated asset objects reloaded before import = 0
Number of asset objects unloaded after import = 13
========================================================================
Received Import Request.
  Time since last request: 0.000030 seconds.
  path: Assets/TutorialsEU_Assets/Assets/Environment/Prefabs/wallA.prefab
  artifactKey: Guid(2a88fe364c5b32442bcabb0745ca345b) Importer(815301076,1909f56bfc062723c751e8b465ee728b)
Start importing Assets/TutorialsEU_Assets/Assets/Environment/Prefabs/wallA.prefab using Guid(2a88fe364c5b32442bcabb0745ca345b) Importer(815301076,1909f56bfc062723c751e8b465ee728b) [PhysX] Initialized MultithreadedTaskDispatcher with 12 workers.
[PhysX] Initialized MultithreadedTaskDispatcher with 12 workers.
 -> (artifact id: 'c27df5e49020e00cc8245f4e17a06c11') in 0.014856 seconds
Number of updated asset objects reloaded before import = 0
Number of asset objects unloaded after import = 13
========================================================================
Received Import Request.
  Time since last request: 340.748479 seconds.
  path: Assets/TutorialsEU_Assets/Assets/Environment/Textures/asphalt.png
  artifactKey: Guid(ab6e746b92e3238408d277474b5620b4) Importer(815301076,1909f56bfc062723c751e8b465ee728b)
Start importing Assets/TutorialsEU_Assets/Assets/Environment/Textures/asphalt.png using Guid(ab6e746b92e3238408d277474b5620b4) Importer(815301076,1909f56bfc062723c751e8b465ee728b) [PhysX] Initialized MultithreadedTaskDispatcher with 12 workers.
[PhysX] Initialized MultithreadedTaskDispatcher with 12 workers.
 -> (artifact id: 'aaedca7001d3b6bebfc1a2777b72c936') in 0.059711 seconds
Number of updated asset objects reloaded before import = 0
Number of asset objects unloaded after import = 3
========================================================================
Received Import Request.
  Time since last request: 276.200950 seconds.
  path: Assets/TutorialsEU_Assets/Assets/Environment/Textures/wall.png
  artifactKey: Guid(98c8404ae2786df408796aa395daf83a) Importer(815301076,1909f56bfc062723c751e8b465ee728b)
Start importing Assets/TutorialsEU_Assets/Assets/Environment/Textures/wall.png using Guid(98c8404ae2786df408796aa395daf83a) Importer(815301076,1909f56bfc062723c751e8b465ee728b) [PhysX] Initialized MultithreadedTaskDispatcher with 12 workers.
[PhysX] Initialized MultithreadedTaskDispatcher with 12 workers.
 -> (artifact id: '6322fa2a9d098a192c912575bdefb989') in 0.039030 seconds
Number of updated asset objects reloaded before import = 0
Number of asset objects unloaded after import = 3
========================================================================
Received Import Request.
  Time since last request: 0.000040 seconds.
  path: Assets/TutorialsEU_Assets/Assets/Environment/Textures/wall_lines.png
  artifactKey: Guid(57e0d78212b630949a7b961c6b758bd1) Importer(815301076,1909f56bfc062723c751e8b465ee728b)
Start importing Assets/TutorialsEU_Assets/Assets/Environment/Textures/wall_lines.png using Guid(57e0d78212b630949a7b961c6b758bd1) Importer(815301076,1909f56bfc062723c751e8b465ee728b) [PhysX] Initialized MultithreadedTaskDispatcher with 12 workers.
[PhysX] Initialized MultithreadedTaskDispatcher with 12 workers.
 -> (artifact id: '34efb490312c16d417a6e2f381bb2530') in 0.013395 seconds
Number of updated asset objects reloaded before import = 0
Number of asset objects unloaded after import = 3
========================================================================
Received Import Request.
  Time since last request: 0.000048 seconds.
  path: Assets/TutorialsEU_Assets/Assets/Environment/Materials/wall_lines.mat
  artifactKey: Guid(1dfe93e5072488643bcda0da573c180a) Importer(815301076,1909f56bfc062723c751e8b465ee728b)
Start importing Assets/TutorialsEU_Assets/Assets/Environment/Materials/wall_lines.mat using Guid(1dfe93e5072488643bcda0da573c180a) Importer(815301076,1909f56bfc062723c751e8b465ee728b) [PhysX] Initialized MultithreadedTaskDispatcher with 12 workers.
[PhysX] Initialized MultithreadedTaskDispatcher with 12 workers.
 -> (artifact id: 'aec787f4d738b420bbe8b0f5ca704631') in 0.019063 seconds
Number of updated asset objects reloaded before import = 0
Number of asset objects unloaded after import = 3
========================================================================
Received Import Request.
  Time since last request: 0.000026 seconds.
  path: Assets/TutorialsEU_Assets/Assets/Environment/Materials/wall_garage.mat
  artifactKey: Guid(1c4b3edcafc34da4aadc1dd2bc0f6edc) Importer(815301076,1909f56bfc062723c751e8b465ee728b)
Start importing Assets/TutorialsEU_Assets/Assets/Environment/Materials/wall_garage.mat using Guid(1c4b3edcafc34da4aadc1dd2bc0f6edc) Importer(815301076,1909f56bfc062723c751e8b465ee728b) [PhysX] Initialized MultithreadedTaskDispatcher with 12 workers.
[PhysX] Initialized MultithreadedTaskDispatcher with 12 workers.
 -> (artifact id: 'ecefadc952ad70d9958c1eace7f99bf7') in 0.011510 seconds
Number of updated asset objects reloaded before import = 0
Number of asset objects unloaded after import = 3
========================================================================
Received Import Request.
  Time since last request: 277.655107 seconds.
  path: Assets/TutorialsEU_Assets/Assets/Environment/Textures/bars.png
  artifactKey: Guid(75374f657e5355c42a39ef685abf63c5) Importer(815301076,1909f56bfc062723c751e8b465ee728b)
Start importing Assets/TutorialsEU_Assets/Assets/Environment/Textures/bars.png using Guid(75374f657e5355c42a39ef685abf63c5) Importer(815301076,1909f56bfc062723c751e8b465ee728b) [PhysX] Initialized MultithreadedTaskDispatcher with 12 workers.
[PhysX] Initialized MultithreadedTaskDispatcher with 12 workers.
 -> (artifact id: '921dd1b962b3247180d3ad52623cec72') in 0.054455 seconds
Number of updated asset objects reloaded before import = 0
Number of asset objects unloaded after import = 3
========================================================================
Received Import Request.
  Time since last request: 0.000039 seconds.
  path: Assets/TutorialsEU_Assets/Assets/Characters/3DModels/FPSCHaracter.fbx
  artifactKey: Guid(be53bb08bff1bcf48916ae7bdf1dd970) Importer(815301076,1909f56bfc062723c751e8b465ee728b)
Start importing Assets/TutorialsEU_Assets/Assets/Characters/3DModels/FPSCHaracter.fbx using Guid(be53bb08bff1bcf48916ae7bdf1dd970) Importer(815301076,1909f56bfc062723c751e8b465ee728b) [PhysX] Initialized MultithreadedTaskDispatcher with 12 workers.
[PhysX] Initialized MultithreadedTaskDispatcher with 12 workers.
[PhysX] Initialized MultithreadedTaskDispatcher with 12 workers.
[PhysX] Initialized MultithreadedTaskDispatcher with 12 workers.
[PhysX] Initialized MultithreadedTaskDispatcher with 12 workers.
 -> (artifact id: 'f1b044dd5928707867d9a888479f233d') in 0.863425 seconds
Number of updated asset objects reloaded before import = 0
Number of asset objects unloaded after import = 72
========================================================================
Received Import Request.
  Time since last request: 0.165438 seconds.
  path: Assets/TutorialsEU_Assets/Assets/Environment/Textures/truck.png
  artifactKey: Guid(bbc4245df8f42e9448630c8aa9866090) Importer(815301076,1909f56bfc062723c751e8b465ee728b)
Start importing Assets/TutorialsEU_Assets/Assets/Environment/Textures/truck.png using Guid(bbc4245df8f42e9448630c8aa9866090) Importer(815301076,1909f56bfc062723c751e8b465ee728b) [PhysX] Initialized MultithreadedTaskDispatcher with 12 workers.
[PhysX] Initialized MultithreadedTaskDispatcher with 12 workers.
 -> (artifact id: '7f4de0225282f1e37fcbfafc199d3c9d') in 0.029614 seconds
Number of updated asset objects reloaded before import = 0
Number of asset objects unloaded after import = 3
========================================================================
Received Import Request.
  Time since last request: 0.000028 seconds.
  path: Assets/TutorialsEU_Assets/Assets/Environment/Textures/truck_alien.png
  artifactKey: Guid(86ec2517bf499f54b9d8e8cbd5de5ea8) Importer(815301076,1909f56bfc062723c751e8b465ee728b)
Start importing Assets/TutorialsEU_Assets/Assets/Environment/Textures/truck_alien.png using Guid(86ec2517bf499f54b9d8e8cbd5de5ea8) Importer(815301076,1909f56bfc062723c751e8b465ee728b) [PhysX] Initialized MultithreadedTaskDispatcher with 12 workers.
[PhysX] Initialized MultithreadedTaskDispatcher with 12 workers.
 -> (artifact id: '678b861cb047a9265ad2b4817de498ed') in 0.013603 seconds
Number of updated asset objects reloaded before import = 0
Number of asset objects unloaded after import = 3
========================================================================
Received Import Request.
  Time since last request: 426.740692 seconds.
  path: Assets/TutorialsEU_Assets/Assets/Environment/Textures/treeA.png
  artifactKey: Guid(87c944b79a15bc94b897578596d669fe) Importer(815301076,1909f56bfc062723c751e8b465ee728b)
Start importing Assets/TutorialsEU_Assets/Assets/Environment/Textures/treeA.png using Guid(87c944b79a15bc94b897578596d669fe) Importer(815301076,1909f56bfc062723c751e8b465ee728b) [PhysX] Initialized MultithreadedTaskDispatcher with 12 workers.
[PhysX] Initialized MultithreadedTaskDispatcher with 12 workers.
 -> (artifact id: 'f48552794480c3b4ea870f49fba8200a') in 0.026095 seconds
Number of updated asset objects reloaded before import = 0
Number of asset objects unloaded after import = 3
========================================================================
Received Import Request.
  Time since last request: 0.000027 seconds.
  path: Assets/TutorialsEU_Assets/Assets/Environment/Materials/treeB.mat
  artifactKey: Guid(33215b7a157c1e54ca4136183eea8548) Importer(815301076,1909f56bfc062723c751e8b465ee728b)
Start importing Assets/TutorialsEU_Assets/Assets/Environment/Materials/treeB.mat using Guid(33215b7a157c1e54ca4136183eea8548) Importer(815301076,1909f56bfc062723c751e8b465ee728b) [PhysX] Initialized MultithreadedTaskDispatcher with 12 workers.
[PhysX] Initialized MultithreadedTaskDispatcher with 12 workers.
 -> (artifact id: '0362f4ada00f71347a722a41e67d08ba') in 0.016614 seconds
Number of updated asset objects reloaded before import = 0
Number of asset objects unloaded after import = 3
